<?xml version="1.0" encoding="UTF-8"?>
<!-- Generated by org.testng.reporters.JUnitXMLReporter -->
<testsuite hostname="EPAMYERW004D" ignored="0" name="api" tests="1" failures="1" timestamp="2022-09-29T17:05:59 AMT" time="10.019" errors="0">
  <testcase name="apiUseCase" time="9.685" classname="api.ApiTestCase">
    <failure type="java.lang.AssertionError" message="This Pilot is not among the starships&amp;apos; pilots... expected [true] but found [false]">
      <![CDATA[java.lang.AssertionError: This Pilot is not among the starships' pilots... expected [true] but found [false]
at api.ApiTestCase.apiUseCase(ApiTestCase.java:30)
at java.util.ArrayList.forEach(ArrayList.java:1259)
... Removed 34 stack frames]]>
    </failure>
  </testcase> <!-- apiUseCase -->
</testsuite> <!-- api -->
