-------------------------------------------------------------------------------
Test set: TestSuite
-------------------------------------------------------------------------------
Tests run: 2, Failures: 1, Errors: 0, Skipped: 0, Time elapsed: 28.215 s <<< FAILURE! - in TestSuite
api.ApiTestCase.apiUseCase  Time elapsed: 7.463 s  <<< FAILURE!
java.lang.AssertionError: This Pilot is not among the starships' pilots... expected [true] but found [false]
	at api.ApiTestCase.apiUseCase(ApiTestCase.java:35)

