<?xml version="1.0" encoding="UTF-8"?>
<testsuite xmlns:xsi="http://www.w3.org/2001/XMLSchema-instance" xsi:noNamespaceSchemaLocation="https://maven.apache.org/surefire/maven-surefire-plugin/xsd/surefire-test-report-3.0.xsd" version="3.0" name="TestSuite" time="28.215" tests="2" errors="0" skipped="0" failures="1">
  <properties>
[...]
</properties>
  <testcase name="apiUseCase" classname="api.ApiTestCase" time="7.463">
    <failure message="This Pilot is not among the starships&apos; pilots... expected [true] but found [false]" type="java.lang.AssertionError"><![CDATA[java.lang.AssertionError: This Pilot is not among the starships' pilots... expected [true] but found [false]
	at api.ApiTestCase.apiUseCase(ApiTestCase.java:35)
]]></failure>
    <system-err><![CDATA[SLF4J: Failed to load class "org.slf4j.impl.StaticLoggerBinder".
SLF4J: Defaulting to no-operation (NOP) logger implementation
SLF4J: See http://www.slf4j.org/codes.html#StaticLoggerBinder for further details.
]]></system-err>
  </testcase>
  <testcase name="useCaseTest" classname="gui.GuiTestCase" time="13.878">
    <system-out><![CDATA[2022-09-29 23:53:34 INFO  - Waiting element to be clickable...
2022-09-29 23:53:34 INFO  - Waiting element to disappear...
2022-09-29 23:53:40 INFO  - Waiting element visibility...
2022-09-29 23:53:41 INFO  - Waiting element visibility...
2022-09-29 23:53:42 INFO  - Waiting element visibility...
2022-09-29 23:53:43 INFO  - Scrolling to the element
2022-09-29 23:53:43 INFO  - Waiting element visibility...
2022-09-29 23:53:43 INFO  - Switching to the next tab
]]></system-out>
    <system-err><![CDATA[Starting ChromeDriver 105.0.5195.52 (412c95e518836d8a7d97250d62b29c2ae6a26a85-refs/branch-heads/5195@{#853}) on port 30048
Only local connections are allowed.
Please see https://chromedriver.chromium.org/security-considerations for suggestions on keeping ChromeDriver safe.
ChromeDriver was started successfully.
Sep 29, 2022 11:53:29 PM org.openqa.selenium.remote.ProtocolHandshake createSession
INFO: Detected dialect: W3C
]]></system-err>
  </testcase>
</testsuite>